{
  "RSpec": {
    "coverage": {
      "/Users/Jon/projects/tech_tests/babylon_health/spec/availability_spec.rb": [
        1,
        1,
        null,
        null,
        null,
        1,
        null,
        6,
        null,
        1,
        5,
        null,
        null,
        1,
        1,
        1,
        2,
        null,
        null,
        1,
        1,
        1,
        null,
        null,
        1,
        1,
        1,
        null,
        null,
        1,
        1,
        1,
        2,
        null,
        null,
        1,
        1,
        1,
        1,
        1,
        null,
        null
      ],
      "/Users/Jon/projects/tech_tests/babylon_health/lib/availability.rb": [
        null,
        1,
        1,
        null,
        1,
        null,
        1,
        1,
        null,
        1,
        5,
        5,
        5,
        5,
        null,
        null,
        1,
        6,
        5,
        5,
        5,
        null,
        null,
        1,
        null,
        1,
        6,
        1,
        null,
        null,
        null,
        1,
        5,
        7,
        4,
        4,
        4,
        null,
        null,
        null,
        null,
        1,
        4,
        null,
        null,
        1,
        5,
        null,
        null,
        1,
        1,
        null,
        null,
        1,
        23,
        null,
        null,
        1,
        4,
        null,
        null,
        null,
        null,
        null,
        null
      ],
      "/Users/Jon/projects/tech_tests/babylon_health/lib/json_parse.rb": [
        null,
        1,
        null,
        1,
        null,
        1,
        7,
        7,
        7,
        null,
        null,
        1,
        null,
        1,
        6,
        null,
        null,
        null
      ],
      "/Users/Jon/projects/tech_tests/babylon_health/spec/json_parse_spec.rb": [
        1,
        null,
        null,
        1,
        null,
        3,
        null,
        1,
        2,
        null,
        null,
        1,
        null,
        null,
        null,
        1,
        null,
        null,
        1,
        1,
        null,
        null,
        1,
        1,
        1,
        null,
        null,
        null
      ]
    },
    "timestamp": 1479814050
  }
}
